
2022/02/11 23:23:02 [32mC:/Users/winst/go/pkg/mod/gorm.io/driver/mysql@v1.2.3/migrator.go:234
[0m[33m[0.000ms] [34;1m[rows:-][0m SELECT DATABASE()

2022/02/11 23:23:02 [32mC:/Users/winst/go/pkg/mod/gorm.io/driver/mysql@v1.2.3/migrator.go:237
[0m[33m[1.000ms] [34;1m[rows:1][0m SELECT SCHEMA_NAME from Information_schema.SCHEMATA where SCHEMA_NAME LIKE 'tohopedia%' ORDER BY SCHEMA_NAME='tohopedia' DESC limit 1

2022/02/11 23:23:02 [32mD:/ASLAB/TPA/WEB/tohopedia/back/migration/migration.go:16
[0m[33m[0.000ms] [34;1m[rows:-][0m SELECT count(*) FROM information_schema.tables WHERE table_schema = 'tohopedia' AND table_name = 'shops' AND table_type = 'BASE TABLE'

2022/02/11 23:23:02 [32mC:/Users/winst/go/pkg/mod/gorm.io/driver/mysql@v1.2.3/migrator.go:234
[0m[33m[1.000ms] [34;1m[rows:-][0m SELECT DATABASE()

2022/02/11 23:23:02 [32mC:/Users/winst/go/pkg/mod/gorm.io/driver/mysql@v1.2.3/migrator.go:237
[0m[33m[0.000ms] [34;1m[rows:1][0m SELECT SCHEMA_NAME from Information_schema.SCHEMATA where SCHEMA_NAME LIKE 'tohopedia%' ORDER BY SCHEMA_NAME='tohopedia' DESC limit 1

2022/02/11 23:23:02 [32mC:/Users/winst/go/pkg/mod/gorm.io/driver/mysql@v1.2.3/migrator.go:205
[0m[33m[2.003ms] [34;1m[rows:-][0m SELECT column_name, is_nullable, data_type, character_maximum_length, numeric_precision, numeric_scale , datetime_precision FROM information_schema.columns WHERE table_schema = 'tohopedia' AND table_name = 'shops' ORDER BY ORDINAL_POSITION

2022/02/11 23:23:02 [32mC:/Users/winst/go/pkg/mod/gorm.io/driver/mysql@v1.2.3/migrator.go:234
[0m[33m[0.000ms] [34;1m[rows:-][0m SELECT DATABASE()

2022/02/11 23:23:02 [32mC:/Users/winst/go/pkg/mod/gorm.io/driver/mysql@v1.2.3/migrator.go:237
[0m[33m[0.998ms] [34;1m[rows:1][0m SELECT SCHEMA_NAME from Information_schema.SCHEMATA where SCHEMA_NAME LIKE 'tohopedia%' ORDER BY SCHEMA_NAME='tohopedia' DESC limit 1

2022/02/11 23:23:02 [32mD:/ASLAB/TPA/WEB/tohopedia/back/migration/migration.go:16
[0m[33m[0.000ms] [34;1m[rows:-][0m SELECT count(*) FROM information_schema.tables WHERE table_schema = 'tohopedia' AND table_name = 'users' AND table_type = 'BASE TABLE'

2022/02/11 23:23:02 [32mD:/ASLAB/TPA/WEB/tohopedia/back/migration/migration.go:16
[0m[33m[9.999ms] [34;1m[rows:0][0m CREATE TABLE `users` (`id` varchar(191),`name` longtext,`email` longtext,`password` longtext,`phone` longtext,`gender` longtext,`dob` longtext,`image` longtext,`role` longtext,`is_suspended` boolean,`shop_id` varchar(191),PRIMARY KEY (`id`),CONSTRAINT `fk_shops_user` FOREIGN KEY (`shop_id`) REFERENCES `shops`(`id`))

2022/02/11 23:23:02 [32mC:/Users/winst/go/pkg/mod/gorm.io/driver/mysql@v1.2.3/migrator.go:234
[0m[33m[0.000ms] [34;1m[rows:-][0m SELECT DATABASE()

2022/02/11 23:23:02 [32mC:/Users/winst/go/pkg/mod/gorm.io/driver/mysql@v1.2.3/migrator.go:237
[0m[33m[1.000ms] [34;1m[rows:1][0m SELECT SCHEMA_NAME from Information_schema.SCHEMATA where SCHEMA_NAME LIKE 'tohopedia%' ORDER BY SCHEMA_NAME='tohopedia' DESC limit 1

2022/02/11 23:23:02 [32mD:/ASLAB/TPA/WEB/tohopedia/back/migration/migration.go:20
[0m[33m[0.000ms] [34;1m[rows:-][0m SELECT count(*) FROM information_schema.tables WHERE table_schema = 'tohopedia' AND table_name = 'categories' AND table_type = 'BASE TABLE'

2022/02/11 23:23:02 [32mC:/Users/winst/go/pkg/mod/gorm.io/driver/mysql@v1.2.3/migrator.go:234
[0m[33m[0.000ms] [34;1m[rows:-][0m SELECT DATABASE()

2022/02/11 23:23:02 [32mC:/Users/winst/go/pkg/mod/gorm.io/driver/mysql@v1.2.3/migrator.go:237
[0m[33m[1.002ms] [34;1m[rows:1][0m SELECT SCHEMA_NAME from Information_schema.SCHEMATA where SCHEMA_NAME LIKE 'tohopedia%' ORDER BY SCHEMA_NAME='tohopedia' DESC limit 1

2022/02/11 23:23:02 [32mC:/Users/winst/go/pkg/mod/gorm.io/driver/mysql@v1.2.3/migrator.go:205
[0m[33m[1.001ms] [34;1m[rows:-][0m SELECT column_name, is_nullable, data_type, character_maximum_length, numeric_precision, numeric_scale , datetime_precision FROM information_schema.columns WHERE table_schema = 'tohopedia' AND table_name = 'categories' ORDER BY ORDINAL_POSITION

2022/02/11 23:23:02 [32mC:/Users/winst/go/pkg/mod/gorm.io/driver/mysql@v1.2.3/migrator.go:234
[0m[33m[1.000ms] [34;1m[rows:-][0m SELECT DATABASE()

2022/02/11 23:23:02 [32mC:/Users/winst/go/pkg/mod/gorm.io/driver/mysql@v1.2.3/migrator.go:237
[0m[33m[0.000ms] [34;1m[rows:1][0m SELECT SCHEMA_NAME from Information_schema.SCHEMATA where SCHEMA_NAME LIKE 'tohopedia%' ORDER BY SCHEMA_NAME='tohopedia' DESC limit 1

2022/02/11 23:23:02 [32mD:/ASLAB/TPA/WEB/tohopedia/back/migration/migration.go:24
[0m[33m[0.000ms] [34;1m[rows:-][0m SELECT count(*) FROM information_schema.tables WHERE table_schema = 'tohopedia' AND table_name = 'shops' AND table_type = 'BASE TABLE'

2022/02/11 23:23:02 [32mC:/Users/winst/go/pkg/mod/gorm.io/driver/mysql@v1.2.3/migrator.go:234
[0m[33m[0.000ms] [34;1m[rows:-][0m SELECT DATABASE()

2022/02/11 23:23:02 [32mC:/Users/winst/go/pkg/mod/gorm.io/driver/mysql@v1.2.3/migrator.go:237
[0m[33m[0.997ms] [34;1m[rows:1][0m SELECT SCHEMA_NAME from Information_schema.SCHEMATA where SCHEMA_NAME LIKE 'tohopedia%' ORDER BY SCHEMA_NAME='tohopedia' DESC limit 1

2022/02/11 23:23:02 [32mC:/Users/winst/go/pkg/mod/gorm.io/driver/mysql@v1.2.3/migrator.go:205
[0m[33m[3.002ms] [34;1m[rows:-][0m SELECT column_name, is_nullable, data_type, character_maximum_length, numeric_precision, numeric_scale , datetime_precision FROM information_schema.columns WHERE table_schema = 'tohopedia' AND table_name = 'shops' ORDER BY ORDINAL_POSITION

2022/02/11 23:23:02 [32mC:/Users/winst/go/pkg/mod/gorm.io/driver/mysql@v1.2.3/migrator.go:234
[0m[33m[0.000ms] [34;1m[rows:-][0m SELECT DATABASE()

2022/02/11 23:23:02 [32mC:/Users/winst/go/pkg/mod/gorm.io/driver/mysql@v1.2.3/migrator.go:237
[0m[33m[0.000ms] [34;1m[rows:1][0m SELECT SCHEMA_NAME from Information_schema.SCHEMATA where SCHEMA_NAME LIKE 'tohopedia%' ORDER BY SCHEMA_NAME='tohopedia' DESC limit 1

2022/02/11 23:23:02 [32mD:/ASLAB/TPA/WEB/tohopedia/back/migration/migration.go:24
[0m[33m[0.000ms] [34;1m[rows:-][0m SELECT count(*) FROM information_schema.tables WHERE table_schema = 'tohopedia' AND table_name = 'categories' AND table_type = 'BASE TABLE'

2022/02/11 23:23:02 [32mC:/Users/winst/go/pkg/mod/gorm.io/driver/mysql@v1.2.3/migrator.go:234
[0m[33m[0.000ms] [34;1m[rows:-][0m SELECT DATABASE()

2022/02/11 23:23:02 [32mC:/Users/winst/go/pkg/mod/gorm.io/driver/mysql@v1.2.3/migrator.go:237
[0m[33m[0.000ms] [34;1m[rows:1][0m SELECT SCHEMA_NAME from Information_schema.SCHEMATA where SCHEMA_NAME LIKE 'tohopedia%' ORDER BY SCHEMA_NAME='tohopedia' DESC limit 1

2022/02/11 23:23:02 [32mC:/Users/winst/go/pkg/mod/gorm.io/driver/mysql@v1.2.3/migrator.go:205
[0m[33m[1.996ms] [34;1m[rows:-][0m SELECT column_name, is_nullable, data_type, character_maximum_length, numeric_precision, numeric_scale , datetime_precision FROM information_schema.columns WHERE table_schema = 'tohopedia' AND table_name = 'categories' ORDER BY ORDINAL_POSITION

2022/02/11 23:23:02 [32mC:/Users/winst/go/pkg/mod/gorm.io/driver/mysql@v1.2.3/migrator.go:234
[0m[33m[0.000ms] [34;1m[rows:-][0m SELECT DATABASE()

2022/02/11 23:23:02 [32mC:/Users/winst/go/pkg/mod/gorm.io/driver/mysql@v1.2.3/migrator.go:237
[0m[33m[1.000ms] [34;1m[rows:1][0m SELECT SCHEMA_NAME from Information_schema.SCHEMATA where SCHEMA_NAME LIKE 'tohopedia%' ORDER BY SCHEMA_NAME='tohopedia' DESC limit 1

2022/02/11 23:23:02 [32mD:/ASLAB/TPA/WEB/tohopedia/back/migration/migration.go:24
[0m[33m[0.000ms] [34;1m[rows:-][0m SELECT count(*) FROM information_schema.tables WHERE table_schema = 'tohopedia' AND table_name = 'products' AND table_type = 'BASE TABLE'

2022/02/11 23:23:02 [32mC:/Users/winst/go/pkg/mod/gorm.io/driver/mysql@v1.2.3/migrator.go:234
[0m[33m[0.000ms] [34;1m[rows:-][0m SELECT DATABASE()

2022/02/11 23:23:02 [32mC:/Users/winst/go/pkg/mod/gorm.io/driver/mysql@v1.2.3/migrator.go:237
[0m[33m[1.000ms] [34;1m[rows:1][0m SELECT SCHEMA_NAME from Information_schema.SCHEMATA where SCHEMA_NAME LIKE 'tohopedia%' ORDER BY SCHEMA_NAME='tohopedia' DESC limit 1

2022/02/11 23:23:02 [32mC:/Users/winst/go/pkg/mod/gorm.io/driver/mysql@v1.2.3/migrator.go:205
[0m[33m[2.000ms] [34;1m[rows:-][0m SELECT column_name, is_nullable, data_type, character_maximum_length, numeric_precision, numeric_scale , datetime_precision FROM information_schema.columns WHERE table_schema = 'tohopedia' AND table_name = 'products' ORDER BY ORDINAL_POSITION

2022/02/11 23:23:02 [32mC:/Users/winst/go/pkg/mod/gorm.io/driver/mysql@v1.2.3/migrator.go:234
[0m[33m[0.000ms] [34;1m[rows:-][0m SELECT DATABASE()

2022/02/11 23:23:02 [32mC:/Users/winst/go/pkg/mod/gorm.io/driver/mysql@v1.2.3/migrator.go:237
[0m[33m[0.546ms] [34;1m[rows:1][0m SELECT SCHEMA_NAME from Information_schema.SCHEMATA where SCHEMA_NAME LIKE 'tohopedia%' ORDER BY SCHEMA_NAME='tohopedia' DESC limit 1

2022/02/11 23:23:02 [32mD:/ASLAB/TPA/WEB/tohopedia/back/migration/migration.go:24
[0m[33m[0.524ms] [34;1m[rows:-][0m SELECT count(*) FROM INFORMATION_SCHEMA.table_constraints WHERE constraint_schema = 'tohopedia' AND table_name = 'products' AND constraint_name = 'fk_shops_products'

2022/02/11 23:23:02 [32mC:/Users/winst/go/pkg/mod/gorm.io/driver/mysql@v1.2.3/migrator.go:234
[0m[33m[0.000ms] [34;1m[rows:-][0m SELECT DATABASE()

2022/02/11 23:23:02 [32mC:/Users/winst/go/pkg/mod/gorm.io/driver/mysql@v1.2.3/migrator.go:237
[0m[33m[0.000ms] [34;1m[rows:1][0m SELECT SCHEMA_NAME from Information_schema.SCHEMATA where SCHEMA_NAME LIKE 'tohopedia%' ORDER BY SCHEMA_NAME='tohopedia' DESC limit 1

2022/02/11 23:23:02 [32mD:/ASLAB/TPA/WEB/tohopedia/back/migration/migration.go:24
[0m[33m[0.599ms] [34;1m[rows:-][0m SELECT count(*) FROM INFORMATION_SCHEMA.table_constraints WHERE constraint_schema = 'tohopedia' AND table_name = 'products' AND constraint_name = 'fk_categories_products'

2022/02/11 23:23:02 [32mC:/Users/winst/go/pkg/mod/gorm.io/driver/mysql@v1.2.3/migrator.go:234
[0m[33m[0.000ms] [34;1m[rows:-][0m SELECT DATABASE()

2022/02/11 23:23:02 [32mC:/Users/winst/go/pkg/mod/gorm.io/driver/mysql@v1.2.3/migrator.go:237
[0m[33m[0.505ms] [34;1m[rows:1][0m SELECT SCHEMA_NAME from Information_schema.SCHEMATA where SCHEMA_NAME LIKE 'tohopedia%' ORDER BY SCHEMA_NAME='tohopedia' DESC limit 1

2022/02/11 23:23:02 [32mD:/ASLAB/TPA/WEB/tohopedia/back/migration/migration.go:28
[0m[33m[0.517ms] [34;1m[rows:-][0m SELECT count(*) FROM information_schema.tables WHERE table_schema = 'tohopedia' AND table_name = 'shops' AND table_type = 'BASE TABLE'

2022/02/11 23:23:02 [32mC:/Users/winst/go/pkg/mod/gorm.io/driver/mysql@v1.2.3/migrator.go:234
[0m[33m[0.000ms] [34;1m[rows:-][0m SELECT DATABASE()

2022/02/11 23:23:02 [32mC:/Users/winst/go/pkg/mod/gorm.io/driver/mysql@v1.2.3/migrator.go:237
[0m[33m[0.578ms] [34;1m[rows:1][0m SELECT SCHEMA_NAME from Information_schema.SCHEMATA where SCHEMA_NAME LIKE 'tohopedia%' ORDER BY SCHEMA_NAME='tohopedia' DESC limit 1

2022/02/11 23:23:02 [32mC:/Users/winst/go/pkg/mod/gorm.io/driver/mysql@v1.2.3/migrator.go:205
[0m[33m[1.512ms] [34;1m[rows:-][0m SELECT column_name, is_nullable, data_type, character_maximum_length, numeric_precision, numeric_scale , datetime_precision FROM information_schema.columns WHERE table_schema = 'tohopedia' AND table_name = 'shops' ORDER BY ORDINAL_POSITION

2022/02/11 23:23:02 [32mC:/Users/winst/go/pkg/mod/gorm.io/driver/mysql@v1.2.3/migrator.go:234
[0m[33m[0.000ms] [34;1m[rows:-][0m SELECT DATABASE()

2022/02/11 23:23:02 [32mC:/Users/winst/go/pkg/mod/gorm.io/driver/mysql@v1.2.3/migrator.go:237
[0m[33m[1.001ms] [34;1m[rows:1][0m SELECT SCHEMA_NAME from Information_schema.SCHEMATA where SCHEMA_NAME LIKE 'tohopedia%' ORDER BY SCHEMA_NAME='tohopedia' DESC limit 1

2022/02/11 23:23:02 [32mD:/ASLAB/TPA/WEB/tohopedia/back/migration/migration.go:28
[0m[33m[0.000ms] [34;1m[rows:-][0m SELECT count(*) FROM information_schema.tables WHERE table_schema = 'tohopedia' AND table_name = 'categories' AND table_type = 'BASE TABLE'

2022/02/11 23:23:02 [32mC:/Users/winst/go/pkg/mod/gorm.io/driver/mysql@v1.2.3/migrator.go:234
[0m[33m[0.000ms] [34;1m[rows:-][0m SELECT DATABASE()

2022/02/11 23:23:02 [32mC:/Users/winst/go/pkg/mod/gorm.io/driver/mysql@v1.2.3/migrator.go:237
[0m[33m[1.002ms] [34;1m[rows:1][0m SELECT SCHEMA_NAME from Information_schema.SCHEMATA where SCHEMA_NAME LIKE 'tohopedia%' ORDER BY SCHEMA_NAME='tohopedia' DESC limit 1

2022/02/11 23:23:02 [32mC:/Users/winst/go/pkg/mod/gorm.io/driver/mysql@v1.2.3/migrator.go:205
[0m[33m[2.113ms] [34;1m[rows:-][0m SELECT column_name, is_nullable, data_type, character_maximum_length, numeric_precision, numeric_scale , datetime_precision FROM information_schema.columns WHERE table_schema = 'tohopedia' AND table_name = 'categories' ORDER BY ORDINAL_POSITION

2022/02/11 23:23:02 [32mC:/Users/winst/go/pkg/mod/gorm.io/driver/mysql@v1.2.3/migrator.go:234
[0m[33m[0.000ms] [34;1m[rows:-][0m SELECT DATABASE()

2022/02/11 23:23:02 [32mC:/Users/winst/go/pkg/mod/gorm.io/driver/mysql@v1.2.3/migrator.go:237
[0m[33m[0.572ms] [34;1m[rows:1][0m SELECT SCHEMA_NAME from Information_schema.SCHEMATA where SCHEMA_NAME LIKE 'tohopedia%' ORDER BY SCHEMA_NAME='tohopedia' DESC limit 1

2022/02/11 23:23:02 [32mD:/ASLAB/TPA/WEB/tohopedia/back/migration/migration.go:28
[0m[33m[0.000ms] [34;1m[rows:-][0m SELECT count(*) FROM information_schema.tables WHERE table_schema = 'tohopedia' AND table_name = 'products' AND table_type = 'BASE TABLE'

2022/02/11 23:23:02 [32mC:/Users/winst/go/pkg/mod/gorm.io/driver/mysql@v1.2.3/migrator.go:234
[0m[33m[0.000ms] [34;1m[rows:-][0m SELECT DATABASE()

2022/02/11 23:23:02 [32mC:/Users/winst/go/pkg/mod/gorm.io/driver/mysql@v1.2.3/migrator.go:237
[0m[33m[0.761ms] [34;1m[rows:1][0m SELECT SCHEMA_NAME from Information_schema.SCHEMATA where SCHEMA_NAME LIKE 'tohopedia%' ORDER BY SCHEMA_NAME='tohopedia' DESC limit 1

2022/02/11 23:23:02 [32mC:/Users/winst/go/pkg/mod/gorm.io/driver/mysql@v1.2.3/migrator.go:205
[0m[33m[1.520ms] [34;1m[rows:-][0m SELECT column_name, is_nullable, data_type, character_maximum_length, numeric_precision, numeric_scale , datetime_precision FROM information_schema.columns WHERE table_schema = 'tohopedia' AND table_name = 'products' ORDER BY ORDINAL_POSITION

2022/02/11 23:23:02 [32mC:/Users/winst/go/pkg/mod/gorm.io/driver/mysql@v1.2.3/migrator.go:234
[0m[33m[0.000ms] [34;1m[rows:-][0m SELECT DATABASE()

2022/02/11 23:23:02 [32mC:/Users/winst/go/pkg/mod/gorm.io/driver/mysql@v1.2.3/migrator.go:237
[0m[33m[1.003ms] [34;1m[rows:1][0m SELECT SCHEMA_NAME from Information_schema.SCHEMATA where SCHEMA_NAME LIKE 'tohopedia%' ORDER BY SCHEMA_NAME='tohopedia' DESC limit 1

2022/02/11 23:23:02 [32mD:/ASLAB/TPA/WEB/tohopedia/back/migration/migration.go:28
[0m[33m[0.000ms] [34;1m[rows:-][0m SELECT count(*) FROM INFORMATION_SCHEMA.table_constraints WHERE constraint_schema = 'tohopedia' AND table_name = 'products' AND constraint_name = 'fk_categories_products'

2022/02/11 23:23:02 [32mC:/Users/winst/go/pkg/mod/gorm.io/driver/mysql@v1.2.3/migrator.go:234
[0m[33m[0.000ms] [34;1m[rows:-][0m SELECT DATABASE()

2022/02/11 23:23:02 [32mC:/Users/winst/go/pkg/mod/gorm.io/driver/mysql@v1.2.3/migrator.go:237
[0m[33m[0.997ms] [34;1m[rows:1][0m SELECT SCHEMA_NAME from Information_schema.SCHEMATA where SCHEMA_NAME LIKE 'tohopedia%' ORDER BY SCHEMA_NAME='tohopedia' DESC limit 1

2022/02/11 23:23:02 [32mD:/ASLAB/TPA/WEB/tohopedia/back/migration/migration.go:28
[0m[33m[0.000ms] [34;1m[rows:-][0m SELECT count(*) FROM INFORMATION_SCHEMA.table_constraints WHERE constraint_schema = 'tohopedia' AND table_name = 'products' AND constraint_name = 'fk_shops_products'

2022/02/11 23:23:02 [32mC:/Users/winst/go/pkg/mod/gorm.io/driver/mysql@v1.2.3/migrator.go:234
[0m[33m[0.000ms] [34;1m[rows:-][0m SELECT DATABASE()

2022/02/11 23:23:02 [32mC:/Users/winst/go/pkg/mod/gorm.io/driver/mysql@v1.2.3/migrator.go:237
[0m[33m[0.999ms] [34;1m[rows:1][0m SELECT SCHEMA_NAME from Information_schema.SCHEMATA where SCHEMA_NAME LIKE 'tohopedia%' ORDER BY SCHEMA_NAME='tohopedia' DESC limit 1

2022/02/11 23:23:02 [32mD:/ASLAB/TPA/WEB/tohopedia/back/migration/migration.go:28
[0m[33m[0.000ms] [34;1m[rows:-][0m SELECT count(*) FROM information_schema.tables WHERE table_schema = 'tohopedia' AND table_name = 'product_images' AND table_type = 'BASE TABLE'

2022/02/11 23:23:02 [32mD:/ASLAB/TPA/WEB/tohopedia/back/migration/migration.go:28
[0m[33m[8.001ms] [34;1m[rows:0][0m CREATE TABLE `product_images` (`id` varchar(191),`product_id` varchar(191),`image` longtext,PRIMARY KEY (`id`),CONSTRAINT `fk_products_images` FOREIGN KEY (`product_id`) REFERENCES `products`(`id`))

2022/02/11 23:23:02 [32mC:/Users/winst/go/pkg/mod/gorm.io/driver/mysql@v1.2.3/migrator.go:234
[0m[33m[0.000ms] [34;1m[rows:-][0m SELECT DATABASE()

2022/02/11 23:23:02 [32mC:/Users/winst/go/pkg/mod/gorm.io/driver/mysql@v1.2.3/migrator.go:237
[0m[33m[1.000ms] [34;1m[rows:1][0m SELECT SCHEMA_NAME from Information_schema.SCHEMATA where SCHEMA_NAME LIKE 'tohopedia%' ORDER BY SCHEMA_NAME='tohopedia' DESC limit 1

2022/02/11 23:23:02 [32mD:/ASLAB/TPA/WEB/tohopedia/back/migration/migration.go:29
[0m[33m[0.000ms] [34;1m[rows:-][0m SELECT count(*) FROM information_schema.tables WHERE table_schema = 'tohopedia' AND table_name = 'categories' AND table_type = 'BASE TABLE'

2022/02/11 23:23:02 [32mC:/Users/winst/go/pkg/mod/gorm.io/driver/mysql@v1.2.3/migrator.go:234
[0m[33m[0.000ms] [34;1m[rows:-][0m SELECT DATABASE()

2022/02/11 23:23:02 [32mC:/Users/winst/go/pkg/mod/gorm.io/driver/mysql@v1.2.3/migrator.go:237
[0m[33m[0.000ms] [34;1m[rows:1][0m SELECT SCHEMA_NAME from Information_schema.SCHEMATA where SCHEMA_NAME LIKE 'tohopedia%' ORDER BY SCHEMA_NAME='tohopedia' DESC limit 1

2022/02/11 23:23:02 [32mC:/Users/winst/go/pkg/mod/gorm.io/driver/mysql@v1.2.3/migrator.go:205
[0m[33m[3.001ms] [34;1m[rows:-][0m SELECT column_name, is_nullable, data_type, character_maximum_length, numeric_precision, numeric_scale , datetime_precision FROM information_schema.columns WHERE table_schema = 'tohopedia' AND table_name = 'categories' ORDER BY ORDINAL_POSITION

2022/02/11 23:23:02 [32mC:/Users/winst/go/pkg/mod/gorm.io/driver/mysql@v1.2.3/migrator.go:234
[0m[33m[0.000ms] [34;1m[rows:-][0m SELECT DATABASE()

2022/02/11 23:23:02 [32mC:/Users/winst/go/pkg/mod/gorm.io/driver/mysql@v1.2.3/migrator.go:237
[0m[33m[1.000ms] [34;1m[rows:1][0m SELECT SCHEMA_NAME from Information_schema.SCHEMATA where SCHEMA_NAME LIKE 'tohopedia%' ORDER BY SCHEMA_NAME='tohopedia' DESC limit 1

2022/02/11 23:23:02 [32mD:/ASLAB/TPA/WEB/tohopedia/back/migration/migration.go:29
[0m[33m[1.000ms] [34;1m[rows:-][0m SELECT count(*) FROM information_schema.tables WHERE table_schema = 'tohopedia' AND table_name = 'shops' AND table_type = 'BASE TABLE'

2022/02/11 23:23:02 [32mC:/Users/winst/go/pkg/mod/gorm.io/driver/mysql@v1.2.3/migrator.go:234
[0m[33m[0.000ms] [34;1m[rows:-][0m SELECT DATABASE()

2022/02/11 23:23:02 [32mC:/Users/winst/go/pkg/mod/gorm.io/driver/mysql@v1.2.3/migrator.go:237
[0m[33m[0.000ms] [34;1m[rows:1][0m SELECT SCHEMA_NAME from Information_schema.SCHEMATA where SCHEMA_NAME LIKE 'tohopedia%' ORDER BY SCHEMA_NAME='tohopedia' DESC limit 1

2022/02/11 23:23:02 [32mC:/Users/winst/go/pkg/mod/gorm.io/driver/mysql@v1.2.3/migrator.go:205
[0m[33m[3.001ms] [34;1m[rows:-][0m SELECT column_name, is_nullable, data_type, character_maximum_length, numeric_precision, numeric_scale , datetime_precision FROM information_schema.columns WHERE table_schema = 'tohopedia' AND table_name = 'shops' ORDER BY ORDINAL_POSITION

2022/02/11 23:23:02 [32mC:/Users/winst/go/pkg/mod/gorm.io/driver/mysql@v1.2.3/migrator.go:234
[0m[33m[0.000ms] [34;1m[rows:-][0m SELECT DATABASE()

2022/02/11 23:23:02 [32mC:/Users/winst/go/pkg/mod/gorm.io/driver/mysql@v1.2.3/migrator.go:237
[0m[33m[0.999ms] [34;1m[rows:1][0m SELECT SCHEMA_NAME from Information_schema.SCHEMATA where SCHEMA_NAME LIKE 'tohopedia%' ORDER BY SCHEMA_NAME='tohopedia' DESC limit 1

2022/02/11 23:23:02 [32mD:/ASLAB/TPA/WEB/tohopedia/back/migration/migration.go:29
[0m[33m[0.000ms] [34;1m[rows:-][0m SELECT count(*) FROM information_schema.tables WHERE table_schema = 'tohopedia' AND table_name = 'products' AND table_type = 'BASE TABLE'

2022/02/11 23:23:02 [32mC:/Users/winst/go/pkg/mod/gorm.io/driver/mysql@v1.2.3/migrator.go:234
[0m[33m[0.000ms] [34;1m[rows:-][0m SELECT DATABASE()

2022/02/11 23:23:02 [32mC:/Users/winst/go/pkg/mod/gorm.io/driver/mysql@v1.2.3/migrator.go:237
[0m[33m[3.788ms] [34;1m[rows:1][0m SELECT SCHEMA_NAME from Information_schema.SCHEMATA where SCHEMA_NAME LIKE 'tohopedia%' ORDER BY SCHEMA_NAME='tohopedia' DESC limit 1

2022/02/11 23:23:02 [32mC:/Users/winst/go/pkg/mod/gorm.io/driver/mysql@v1.2.3/migrator.go:205
[0m[33m[2.908ms] [34;1m[rows:-][0m SELECT column_name, is_nullable, data_type, character_maximum_length, numeric_precision, numeric_scale , datetime_precision FROM information_schema.columns WHERE table_schema = 'tohopedia' AND table_name = 'products' ORDER BY ORDINAL_POSITION

2022/02/11 23:23:02 [32mC:/Users/winst/go/pkg/mod/gorm.io/driver/mysql@v1.2.3/migrator.go:234
[0m[33m[0.000ms] [34;1m[rows:-][0m SELECT DATABASE()

2022/02/11 23:23:02 [32mC:/Users/winst/go/pkg/mod/gorm.io/driver/mysql@v1.2.3/migrator.go:237
[0m[33m[0.999ms] [34;1m[rows:1][0m SELECT SCHEMA_NAME from Information_schema.SCHEMATA where SCHEMA_NAME LIKE 'tohopedia%' ORDER BY SCHEMA_NAME='tohopedia' DESC limit 1

2022/02/11 23:23:02 [32mD:/ASLAB/TPA/WEB/tohopedia/back/migration/migration.go:29
[0m[33m[0.000ms] [34;1m[rows:-][0m SELECT count(*) FROM INFORMATION_SCHEMA.table_constraints WHERE constraint_schema = 'tohopedia' AND table_name = 'products' AND constraint_name = 'fk_categories_products'

2022/02/11 23:23:02 [32mC:/Users/winst/go/pkg/mod/gorm.io/driver/mysql@v1.2.3/migrator.go:234
[0m[33m[0.000ms] [34;1m[rows:-][0m SELECT DATABASE()

2022/02/11 23:23:02 [32mC:/Users/winst/go/pkg/mod/gorm.io/driver/mysql@v1.2.3/migrator.go:237
[0m[33m[0.000ms] [34;1m[rows:1][0m SELECT SCHEMA_NAME from Information_schema.SCHEMATA where SCHEMA_NAME LIKE 'tohopedia%' ORDER BY SCHEMA_NAME='tohopedia' DESC limit 1

2022/02/11 23:23:02 [32mD:/ASLAB/TPA/WEB/tohopedia/back/migration/migration.go:29
[0m[33m[1.001ms] [34;1m[rows:-][0m SELECT count(*) FROM INFORMATION_SCHEMA.table_constraints WHERE constraint_schema = 'tohopedia' AND table_name = 'products' AND constraint_name = 'fk_shops_products'

2022/02/11 23:23:02 [32mC:/Users/winst/go/pkg/mod/gorm.io/driver/mysql@v1.2.3/migrator.go:234
[0m[33m[0.000ms] [34;1m[rows:-][0m SELECT DATABASE()

2022/02/11 23:23:02 [32mC:/Users/winst/go/pkg/mod/gorm.io/driver/mysql@v1.2.3/migrator.go:237
[0m[33m[0.000ms] [34;1m[rows:1][0m SELECT SCHEMA_NAME from Information_schema.SCHEMATA where SCHEMA_NAME LIKE 'tohopedia%' ORDER BY SCHEMA_NAME='tohopedia' DESC limit 1

2022/02/11 23:23:02 [32mD:/ASLAB/TPA/WEB/tohopedia/back/migration/migration.go:29
[0m[33m[0.000ms] [34;1m[rows:-][0m SELECT count(*) FROM information_schema.tables WHERE table_schema = 'tohopedia' AND table_name = 'users' AND table_type = 'BASE TABLE'

2022/02/11 23:23:02 [32mC:/Users/winst/go/pkg/mod/gorm.io/driver/mysql@v1.2.3/migrator.go:234
[0m[33m[1.000ms] [34;1m[rows:-][0m SELECT DATABASE()

2022/02/11 23:23:02 [32mC:/Users/winst/go/pkg/mod/gorm.io/driver/mysql@v1.2.3/migrator.go:237
[0m[33m[0.000ms] [34;1m[rows:1][0m SELECT SCHEMA_NAME from Information_schema.SCHEMATA where SCHEMA_NAME LIKE 'tohopedia%' ORDER BY SCHEMA_NAME='tohopedia' DESC limit 1

2022/02/11 23:23:02 [32mC:/Users/winst/go/pkg/mod/gorm.io/driver/mysql@v1.2.3/migrator.go:205
[0m[33m[2.000ms] [34;1m[rows:-][0m SELECT column_name, is_nullable, data_type, character_maximum_length, numeric_precision, numeric_scale , datetime_precision FROM information_schema.columns WHERE table_schema = 'tohopedia' AND table_name = 'users' ORDER BY ORDINAL_POSITION

2022/02/11 23:23:02 [32mC:/Users/winst/go/pkg/mod/gorm.io/driver/mysql@v1.2.3/migrator.go:234
[0m[33m[0.000ms] [34;1m[rows:-][0m SELECT DATABASE()

2022/02/11 23:23:02 [32mC:/Users/winst/go/pkg/mod/gorm.io/driver/mysql@v1.2.3/migrator.go:237
[0m[33m[0.000ms] [34;1m[rows:1][0m SELECT SCHEMA_NAME from Information_schema.SCHEMATA where SCHEMA_NAME LIKE 'tohopedia%' ORDER BY SCHEMA_NAME='tohopedia' DESC limit 1

2022/02/11 23:23:02 [32mD:/ASLAB/TPA/WEB/tohopedia/back/migration/migration.go:29
[0m[33m[9.001ms] [34;1m[rows:-][0m SELECT count(*) FROM INFORMATION_SCHEMA.table_constraints WHERE constraint_schema = 'tohopedia' AND table_name = 'users' AND constraint_name = 'fk_shops_user'

2022/02/11 23:23:02 [32mC:/Users/winst/go/pkg/mod/gorm.io/driver/mysql@v1.2.3/migrator.go:234
[0m[33m[0.000ms] [34;1m[rows:-][0m SELECT DATABASE()

2022/02/11 23:23:02 [32mC:/Users/winst/go/pkg/mod/gorm.io/driver/mysql@v1.2.3/migrator.go:237
[0m[33m[0.709ms] [34;1m[rows:1][0m SELECT SCHEMA_NAME from Information_schema.SCHEMATA where SCHEMA_NAME LIKE 'tohopedia%' ORDER BY SCHEMA_NAME='tohopedia' DESC limit 1

2022/02/11 23:23:02 [32mD:/ASLAB/TPA/WEB/tohopedia/back/migration/migration.go:29
[0m[33m[0.000ms] [34;1m[rows:-][0m SELECT count(*) FROM information_schema.tables WHERE table_schema = 'tohopedia' AND table_name = 'carts' AND table_type = 'BASE TABLE'

2022/02/11 23:23:02 [32mD:/ASLAB/TPA/WEB/tohopedia/back/migration/migration.go:29
[0m[33m[7.513ms] [34;1m[rows:0][0m CREATE TABLE `carts` (`id` varchar(191),`product_id` varchar(191),`user_id` varchar(191),`quantity` bigint,PRIMARY KEY (`id`),CONSTRAINT `fk_users_carts` FOREIGN KEY (`user_id`) REFERENCES `users`(`id`),CONSTRAINT `fk_carts_product` FOREIGN KEY (`product_id`) REFERENCES `products`(`id`))

2022/02/11 23:23:02 [32mC:/Users/winst/go/pkg/mod/gorm.io/driver/mysql@v1.2.3/migrator.go:234
[0m[33m[0.999ms] [34;1m[rows:-][0m SELECT DATABASE()

2022/02/11 23:23:02 [32mC:/Users/winst/go/pkg/mod/gorm.io/driver/mysql@v1.2.3/migrator.go:237
[0m[33m[0.000ms] [34;1m[rows:1][0m SELECT SCHEMA_NAME from Information_schema.SCHEMATA where SCHEMA_NAME LIKE 'tohopedia%' ORDER BY SCHEMA_NAME='tohopedia' DESC limit 1

2022/02/11 23:23:02 [32mD:/ASLAB/TPA/WEB/tohopedia/back/migration/migration.go:30
[0m[33m[0.000ms] [34;1m[rows:-][0m SELECT count(*) FROM information_schema.tables WHERE table_schema = 'tohopedia' AND table_name = 'shops' AND table_type = 'BASE TABLE'

2022/02/11 23:23:02 [32mC:/Users/winst/go/pkg/mod/gorm.io/driver/mysql@v1.2.3/migrator.go:234
[0m[33m[0.000ms] [34;1m[rows:-][0m SELECT DATABASE()

2022/02/11 23:23:02 [32mC:/Users/winst/go/pkg/mod/gorm.io/driver/mysql@v1.2.3/migrator.go:237
[0m[33m[0.000ms] [34;1m[rows:1][0m SELECT SCHEMA_NAME from Information_schema.SCHEMATA where SCHEMA_NAME LIKE 'tohopedia%' ORDER BY SCHEMA_NAME='tohopedia' DESC limit 1

2022/02/11 23:23:02 [32mC:/Users/winst/go/pkg/mod/gorm.io/driver/mysql@v1.2.3/migrator.go:205
[0m[33m[1.999ms] [34;1m[rows:-][0m SELECT column_name, is_nullable, data_type, character_maximum_length, numeric_precision, numeric_scale , datetime_precision FROM information_schema.columns WHERE table_schema = 'tohopedia' AND table_name = 'shops' ORDER BY ORDINAL_POSITION

2022/02/11 23:23:02 [32mC:/Users/winst/go/pkg/mod/gorm.io/driver/mysql@v1.2.3/migrator.go:234
[0m[33m[0.000ms] [34;1m[rows:-][0m SELECT DATABASE()

2022/02/11 23:23:02 [32mC:/Users/winst/go/pkg/mod/gorm.io/driver/mysql@v1.2.3/migrator.go:237
[0m[33m[0.647ms] [34;1m[rows:1][0m SELECT SCHEMA_NAME from Information_schema.SCHEMATA where SCHEMA_NAME LIKE 'tohopedia%' ORDER BY SCHEMA_NAME='tohopedia' DESC limit 1

2022/02/11 23:23:02 [32mD:/ASLAB/TPA/WEB/tohopedia/back/migration/migration.go:30
[0m[33m[0.000ms] [34;1m[rows:-][0m SELECT count(*) FROM information_schema.tables WHERE table_schema = 'tohopedia' AND table_name = 'users' AND table_type = 'BASE TABLE'

2022/02/11 23:23:02 [32mC:/Users/winst/go/pkg/mod/gorm.io/driver/mysql@v1.2.3/migrator.go:234
[0m[33m[0.000ms] [34;1m[rows:-][0m SELECT DATABASE()

2022/02/11 23:23:02 [32mC:/Users/winst/go/pkg/mod/gorm.io/driver/mysql@v1.2.3/migrator.go:237
[0m[33m[0.505ms] [34;1m[rows:1][0m SELECT SCHEMA_NAME from Information_schema.SCHEMATA where SCHEMA_NAME LIKE 'tohopedia%' ORDER BY SCHEMA_NAME='tohopedia' DESC limit 1

2022/02/11 23:23:02 [32mC:/Users/winst/go/pkg/mod/gorm.io/driver/mysql@v1.2.3/migrator.go:205
[0m[33m[1.581ms] [34;1m[rows:-][0m SELECT column_name, is_nullable, data_type, character_maximum_length, numeric_precision, numeric_scale , datetime_precision FROM information_schema.columns WHERE table_schema = 'tohopedia' AND table_name = 'users' ORDER BY ORDINAL_POSITION

2022/02/11 23:23:02 [32mC:/Users/winst/go/pkg/mod/gorm.io/driver/mysql@v1.2.3/migrator.go:234
[0m[33m[0.000ms] [34;1m[rows:-][0m SELECT DATABASE()

2022/02/11 23:23:02 [32mC:/Users/winst/go/pkg/mod/gorm.io/driver/mysql@v1.2.3/migrator.go:237
[0m[33m[0.744ms] [34;1m[rows:1][0m SELECT SCHEMA_NAME from Information_schema.SCHEMATA where SCHEMA_NAME LIKE 'tohopedia%' ORDER BY SCHEMA_NAME='tohopedia' DESC limit 1

2022/02/11 23:23:02 [32mD:/ASLAB/TPA/WEB/tohopedia/back/migration/migration.go:30
[0m[33m[0.000ms] [34;1m[rows:-][0m SELECT count(*) FROM INFORMATION_SCHEMA.table_constraints WHERE constraint_schema = 'tohopedia' AND table_name = 'users' AND constraint_name = 'fk_shops_user'

2022/02/11 23:23:02 [32mC:/Users/winst/go/pkg/mod/gorm.io/driver/mysql@v1.2.3/migrator.go:234
[0m[33m[0.000ms] [34;1m[rows:-][0m SELECT DATABASE()

2022/02/11 23:23:02 [32mC:/Users/winst/go/pkg/mod/gorm.io/driver/mysql@v1.2.3/migrator.go:237
[0m[33m[0.529ms] [34;1m[rows:1][0m SELECT SCHEMA_NAME from Information_schema.SCHEMATA where SCHEMA_NAME LIKE 'tohopedia%' ORDER BY SCHEMA_NAME='tohopedia' DESC limit 1

2022/02/11 23:23:02 [32mD:/ASLAB/TPA/WEB/tohopedia/back/migration/migration.go:30
[0m[33m[0.000ms] [34;1m[rows:-][0m SELECT count(*) FROM information_schema.tables WHERE table_schema = 'tohopedia' AND table_name = 'addresses' AND table_type = 'BASE TABLE'

2022/02/11 23:23:02 [32mD:/ASLAB/TPA/WEB/tohopedia/back/migration/migration.go:30
[0m[33m[6.561ms] [34;1m[rows:0][0m CREATE TABLE `addresses` (`id` varchar(191),`label` longtext,`receiver` longtext,`phone` longtext,`city` longtext,`postal_code` longtext,`address` longtext,`user_id` varchar(191),PRIMARY KEY (`id`),CONSTRAINT `fk_users_addresses` FOREIGN KEY (`user_id`) REFERENCES `users`(`id`))
